<?xml version="1.0" encoding="UTF-8"?>
<!-- Generated by org.testng.reporters.JUnitXMLReporter -->
<testsuite hostname="Qkan-PC" failures="0" tests="5" name="Default test" time="5.62" errors="0" timestamp="9 Jan 2021 04:21:14 GMT">
  <testcase classname="exercise.testingAPIs" name="deleteResource" time="1.871"/>
  <testcase classname="exercise.testingAPIs" name="getNoResource" time="1.743"/>
  <testcase classname="exercise.testingAPIs" name="getResourceList" time="0.347"/>
  <testcase classname="exercise.testingAPIs" name="getSingleResource" time="0.333"/>
  <testcase classname="exercise.testingAPIs" name="postResource" time="0.395"/>
</testsuite> <!-- Default test -->
